/*C2*/SET SCHEMA PUBLIC
CONNECT USER SA
DELETE FROM NGRAM_1 WHERE ID=57244
DELETE FROM NGRAM_1 WHERE ID=57245
DELETE FROM NGRAM_1 WHERE ID=57246
DELETE FROM NGRAM_1 WHERE ID=57247
DELETE FROM NGRAM_1 WHERE ID=57248
DELETE FROM NGRAM_1 WHERE ID=57249
DELETE FROM NGRAM_1 WHERE ID=57250
DELETE FROM NGRAM_1 WHERE ID=57251
DELETE FROM NGRAM_1 WHERE ID=57252
DELETE FROM NGRAM_1 WHERE ID=57253
DELETE FROM NGRAM_1 WHERE ID=57254
DELETE FROM NGRAM_1 WHERE ID=57255
DELETE FROM NGRAM_1 WHERE ID=57256
DELETE FROM NGRAM_1 WHERE ID=57257
DELETE FROM NGRAM_1 WHERE ID=57258
DELETE FROM NGRAM_1 WHERE ID=57259
DELETE FROM NGRAM_1 WHERE ID=57260
DELETE FROM NGRAM_1 WHERE ID=57261
DELETE FROM NGRAM_1 WHERE ID=57262
DELETE FROM NGRAM_1 WHERE ID=57263
DELETE FROM NGRAM_1 WHERE ID=57264
DELETE FROM NGRAM_1 WHERE ID=57265
DELETE FROM NGRAM_1 WHERE ID=57266
DELETE FROM NGRAM_1 WHERE ID=57267
DELETE FROM NGRAM_1 WHERE ID=57268
DELETE FROM NGRAM_1 WHERE ID=57269
DELETE FROM NGRAM_1 WHERE ID=57270
DELETE FROM NGRAM_1 WHERE ID=57271
DELETE FROM NGRAM_1 WHERE ID=57272
DELETE FROM NGRAM_1 WHERE ID=57273
DELETE FROM NGRAM_1 WHERE ID=57274
DELETE FROM NGRAM_1 WHERE ID=57275
DELETE FROM NGRAM_1 WHERE ID=57276
DELETE FROM NGRAM_1 WHERE ID=57277
DELETE FROM NGRAM_1 WHERE ID=57278
DELETE FROM NGRAM_1 WHERE ID=57279
DELETE FROM NGRAM_1 WHERE ID=57280
DELETE FROM NGRAM_1 WHERE ID=57281
DELETE FROM NGRAM_1 WHERE ID=57282
DELETE FROM NGRAM_1 WHERE ID=57283
DELETE FROM NGRAM_1 WHERE ID=57284
DELETE FROM NGRAM_1 WHERE ID=57285
DELETE FROM NGRAM_1 WHERE ID=57286
DELETE FROM NGRAM_1 WHERE ID=57287
DELETE FROM NGRAM_1 WHERE ID=57288
DELETE FROM NGRAM_1 WHERE ID=57289
DELETE FROM NGRAM_1 WHERE ID=57290
DELETE FROM NGRAM_1 WHERE ID=57291
DELETE FROM NGRAM_1 WHERE ID=57292
DELETE FROM NGRAM_1 WHERE ID=57293
DELETE FROM NGRAM_1 WHERE ID=57294
DELETE FROM NGRAM_1 WHERE ID=57295
DELETE FROM NGRAM_1 WHERE ID=57296
DELETE FROM NGRAM_1 WHERE ID=57297
DELETE FROM NGRAM_1 WHERE ID=57298
DELETE FROM NGRAM_1 WHERE ID=57299
DELETE FROM NGRAM_1 WHERE ID=57300
DELETE FROM NGRAM_1 WHERE ID=57301
DELETE FROM NGRAM_1 WHERE ID=57302
DELETE FROM NGRAM_1 WHERE ID=57303
DELETE FROM NGRAM_1 WHERE ID=57304
DELETE FROM NGRAM_1 WHERE ID=57305
DELETE FROM NGRAM_1 WHERE ID=57306
DELETE FROM NGRAM_1 WHERE ID=57307
DELETE FROM NGRAM_1 WHERE ID=57308
DELETE FROM NGRAM_1 WHERE ID=57309
DELETE FROM NGRAM_1 WHERE ID=57310
DELETE FROM NGRAM_1 WHERE ID=57311
DELETE FROM NGRAM_1 WHERE ID=57312
DELETE FROM NGRAM_1 WHERE ID=57313
DELETE FROM NGRAM_1 WHERE ID=57314
DELETE FROM NGRAM_1 WHERE ID=57315
DELETE FROM NGRAM_1 WHERE ID=57316
DELETE FROM NGRAM_1 WHERE ID=57317
DELETE FROM NGRAM_1 WHERE ID=57318
DELETE FROM NGRAM_1 WHERE ID=57319
DELETE FROM NGRAM_1 WHERE ID=57320
DELETE FROM NGRAM_1 WHERE ID=57321
DELETE FROM NGRAM_1 WHERE ID=57322
DELETE FROM NGRAM_1 WHERE ID=57323
DELETE FROM NGRAM_1 WHERE ID=57324
DELETE FROM NGRAM_1 WHERE ID=57325
DELETE FROM NGRAM_1 WHERE ID=57326
DELETE FROM NGRAM_1 WHERE ID=57327
DELETE FROM NGRAM_1 WHERE ID=57328
DELETE FROM NGRAM_1 WHERE ID=57329
DELETE FROM NGRAM_1 WHERE ID=57330
DELETE FROM NGRAM_1 WHERE ID=57331
DELETE FROM NGRAM_1 WHERE ID=57332
DELETE FROM NGRAM_1 WHERE ID=57333
DELETE FROM NGRAM_1 WHERE ID=57334
DELETE FROM NGRAM_1 WHERE ID=57335
DELETE FROM NGRAM_1 WHERE ID=57336
DELETE FROM NGRAM_1 WHERE ID=57337
DELETE FROM NGRAM_1 WHERE ID=57338
DELETE FROM NGRAM_1 WHERE ID=57339
DELETE FROM NGRAM_1 WHERE ID=57340
DELETE FROM NGRAM_1 WHERE ID=57341
DELETE FROM NGRAM_1 WHERE ID=57342
DELETE FROM NGRAM_1 WHERE ID=57343
DELETE FROM NGRAM_1 WHERE ID=57344
DELETE FROM NGRAM_1 WHERE ID=57345
DELETE FROM NGRAM_1 WHERE ID=57346
DELETE FROM NGRAM_1 WHERE ID=57347
DELETE FROM NGRAM_1 WHERE ID=57348
DELETE FROM NGRAM_1 WHERE ID=57349
DELETE FROM NGRAM_1 WHERE ID=57350
DELETE FROM NGRAM_1 WHERE ID=57351
DELETE FROM NGRAM_1 WHERE ID=57352
DELETE FROM NGRAM_1 WHERE ID=57353
DELETE FROM NGRAM_1 WHERE ID=57354
DELETE FROM NGRAM_1 WHERE ID=57355
DELETE FROM NGRAM_1 WHERE ID=57356
DELETE FROM NGRAM_1 WHERE ID=57357
DELETE FROM NGRAM_1 WHERE ID=57358
DELETE FROM NGRAM_1 WHERE ID=57359
DELETE FROM NGRAM_1 WHERE ID=57360
DELETE FROM NGRAM_1 WHERE ID=57361
DELETE FROM NGRAM_1 WHERE ID=57362
DELETE FROM NGRAM_1 WHERE ID=57363
DELETE FROM NGRAM_1 WHERE ID=57364
DELETE FROM NGRAM_1 WHERE ID=57365
DELETE FROM NGRAM_1 WHERE ID=57366
DELETE FROM NGRAM_1 WHERE ID=57367
DELETE FROM NGRAM_1 WHERE ID=57368
DELETE FROM NGRAM_1 WHERE ID=57369
DELETE FROM NGRAM_1 WHERE ID=57370
DELETE FROM NGRAM_1 WHERE ID=57371
DELETE FROM NGRAM_1 WHERE ID=57372
DELETE FROM NGRAM_1 WHERE ID=57373
DELETE FROM NGRAM_1 WHERE ID=57374
DELETE FROM NGRAM_1 WHERE ID=57375
DELETE FROM NGRAM_1 WHERE ID=57376
DELETE FROM NGRAM_1 WHERE ID=57377
DELETE FROM NGRAM_1 WHERE ID=57378
DELETE FROM NGRAM_1 WHERE ID=57379
DELETE FROM NGRAM_1 WHERE ID=57380
DELETE FROM NGRAM_1 WHERE ID=57381
DELETE FROM NGRAM_1 WHERE ID=57382
DELETE FROM NGRAM_1 WHERE ID=57383
DELETE FROM NGRAM_1 WHERE ID=57384
DELETE FROM NGRAM_1 WHERE ID=57385
DELETE FROM NGRAM_1 WHERE ID=57386
DELETE FROM NGRAM_1 WHERE ID=57387
DELETE FROM NGRAM_1 WHERE ID=57388
DELETE FROM NGRAM_1 WHERE ID=57389
DELETE FROM NGRAM_1 WHERE ID=57390
DELETE FROM NGRAM_1 WHERE ID=57391
DELETE FROM NGRAM_1 WHERE ID=57392
DELETE FROM NGRAM_1 WHERE ID=57393
DELETE FROM NGRAM_1 WHERE ID=57394
DELETE FROM NGRAM_1 WHERE ID=57395
DELETE FROM NGRAM_1 WHERE ID=57396
DELETE FROM NGRAM_1 WHERE ID=57397
DELETE FROM NGRAM_1 WHERE ID=57398
DELETE FROM NGRAM_1 WHERE ID=57399
DELETE FROM NGRAM_1 WHERE ID=57400
DELETE FROM NGRAM_1 WHERE ID=57401
DELETE FROM NGRAM_1 WHERE ID=57402
DELETE FROM NGRAM_1 WHERE ID=57403
DELETE FROM NGRAM_1 WHERE ID=57404
DELETE FROM NGRAM_1 WHERE ID=57405
DELETE FROM NGRAM_1 WHERE ID=57406
DELETE FROM NGRAM_1 WHERE ID=57407
DELETE FROM NGRAM_1 WHERE ID=57408
DELETE FROM NGRAM_1 WHERE ID=57409
DELETE FROM NGRAM_1 WHERE ID=57410
DELETE FROM NGRAM_1 WHERE ID=57411
DELETE FROM NGRAM_1 WHERE ID=57412
DELETE FROM NGRAM_1 WHERE ID=57413
DELETE FROM NGRAM_1 WHERE ID=57414
DELETE FROM NGRAM_1 WHERE ID=57415
DELETE FROM NGRAM_1 WHERE ID=57416
DELETE FROM NGRAM_1 WHERE ID=57417
DELETE FROM NGRAM_1 WHERE ID=57418
DELETE FROM NGRAM_1 WHERE ID=57419
DELETE FROM NGRAM_1 WHERE ID=57420
DELETE FROM NGRAM_1 WHERE ID=57421
DELETE FROM NGRAM_1 WHERE ID=57422
DELETE FROM NGRAM_1 WHERE ID=57423
DELETE FROM NGRAM_1 WHERE ID=57424
DELETE FROM NGRAM_1 WHERE ID=57425
DELETE FROM NGRAM_1 WHERE ID=57426
DELETE FROM NGRAM_1 WHERE ID=57427
DELETE FROM NGRAM_1 WHERE ID=57428
DELETE FROM NGRAM_1 WHERE ID=57429
DELETE FROM NGRAM_1 WHERE ID=57430
DELETE FROM NGRAM_1 WHERE ID=57431
DELETE FROM NGRAM_1 WHERE ID=57432
DELETE FROM NGRAM_1 WHERE ID=57433
DELETE FROM NGRAM_1 WHERE ID=57434
DELETE FROM NGRAM_1 WHERE ID=57435
DELETE FROM NGRAM_1 WHERE ID=57436
DELETE FROM NGRAM_1 WHERE ID=57437
DELETE FROM NGRAM_1 WHERE ID=57438
DELETE FROM NGRAM_1 WHERE ID=57439
DELETE FROM NGRAM_1 WHERE ID=57440
DELETE FROM NGRAM_1 WHERE ID=57441
DELETE FROM NGRAM_1 WHERE ID=57442
DELETE FROM NGRAM_1 WHERE ID=57443
DELETE FROM NGRAM_1 WHERE ID=57444
DELETE FROM NGRAM_1 WHERE ID=57445
DELETE FROM NGRAM_1 WHERE ID=57446
DELETE FROM NGRAM_1 WHERE ID=57447
DELETE FROM NGRAM_1 WHERE ID=57448
DELETE FROM NGRAM_1 WHERE ID=57449
DELETE FROM NGRAM_1 WHERE ID=57450
DELETE FROM NGRAM_1 WHERE ID=57451
DELETE FROM NGRAM_1 WHERE ID=57452
DELETE FROM NGRAM_1 WHERE ID=57453
DELETE FROM NGRAM_1 WHERE ID=57454
DELETE FROM NGRAM_1 WHERE ID=57455
DELETE FROM NGRAM_1 WHERE ID=57456
DELETE FROM NGRAM_1 WHERE ID=57457
DELETE FROM NGRAM_1 WHERE ID=57458
DELETE FROM NGRAM_1 WHERE ID=57459
DELETE FROM NGRAM_1 WHERE ID=57460
DELETE FROM NGRAM_1 WHERE ID=57461
DELETE FROM NGRAM_1 WHERE ID=57462
DELETE FROM NGRAM_1 WHERE ID=57463
DELETE FROM NGRAM_1 WHERE ID=57464
DELETE FROM NGRAM_1 WHERE ID=57465
DELETE FROM NGRAM_1 WHERE ID=57466
DELETE FROM NGRAM_1 WHERE ID=57467
DELETE FROM NGRAM_1 WHERE ID=57468
DELETE FROM NGRAM_1 WHERE ID=57469
DELETE FROM NGRAM_1 WHERE ID=57470
DELETE FROM NGRAM_1 WHERE ID=57471
DELETE FROM NGRAM_1 WHERE ID=57472
DELETE FROM NGRAM_1 WHERE ID=57473
DELETE FROM NGRAM_1 WHERE ID=57474
DELETE FROM NGRAM_1 WHERE ID=57475
DELETE FROM NGRAM_1 WHERE ID=57476
DELETE FROM NGRAM_1 WHERE ID=57477
DELETE FROM NGRAM_1 WHERE ID=57478
DELETE FROM NGRAM_1 WHERE ID=57479
DELETE FROM NGRAM_1 WHERE ID=57480
DELETE FROM NGRAM_1 WHERE ID=57481
DELETE FROM NGRAM_1 WHERE ID=57482
DELETE FROM NGRAM_1 WHERE ID=57483
DELETE FROM NGRAM_1 WHERE ID=57484
DELETE FROM NGRAM_1 WHERE ID=57485
DELETE FROM NGRAM_1 WHERE ID=57486
DELETE FROM NGRAM_1 WHERE ID=57487
DELETE FROM NGRAM_1 WHERE ID=57488
DELETE FROM NGRAM_1 WHERE ID=57489
DELETE FROM NGRAM_1 WHERE ID=57490
DELETE FROM NGRAM_1 WHERE ID=57491
DELETE FROM NGRAM_1 WHERE ID=57492
DELETE FROM NGRAM_1 WHERE ID=57493
DELETE FROM NGRAM_1 WHERE ID=57494
DELETE FROM NGRAM_1 WHERE ID=57495
DELETE FROM NGRAM_1 WHERE ID=57496
DELETE FROM NGRAM_1 WHERE ID=57497
DELETE FROM NGRAM_1 WHERE ID=57498
DELETE FROM NGRAM_1 WHERE ID=57499
DELETE FROM NGRAM_1 WHERE ID=57500
DELETE FROM NGRAM_1 WHERE ID=57501
DELETE FROM NGRAM_1 WHERE ID=57502
DELETE FROM NGRAM_1 WHERE ID=57503
DELETE FROM NGRAM_1 WHERE ID=57504
DELETE FROM NGRAM_1 WHERE ID=57505
DELETE FROM NGRAM_1 WHERE ID=57506
DELETE FROM NGRAM_1 WHERE ID=57507
DELETE FROM NGRAM_1 WHERE ID=57508
DELETE FROM NGRAM_1 WHERE ID=57509
DELETE FROM NGRAM_1 WHERE ID=57510
DELETE FROM NGRAM_1 WHERE ID=57511
DELETE FROM NGRAM_1 WHERE ID=57512
DELETE FROM NGRAM_1 WHERE ID=57513
DELETE FROM NGRAM_1 WHERE ID=57514
DELETE FROM NGRAM_1 WHERE ID=57515
DELETE FROM NGRAM_1 WHERE ID=57516
DELETE FROM NGRAM_1 WHERE ID=57517
DELETE FROM NGRAM_1 WHERE ID=57518
DELETE FROM NGRAM_1 WHERE ID=57519
DELETE FROM NGRAM_1 WHERE ID=57520
DELETE FROM NGRAM_1 WHERE ID=57521
DELETE FROM NGRAM_1 WHERE ID=57522
DELETE FROM NGRAM_1 WHERE ID=57523
DELETE FROM NGRAM_1 WHERE ID=57524
DELETE FROM NGRAM_1 WHERE ID=57525
DELETE FROM NGRAM_1 WHERE ID=57526
DELETE FROM NGRAM_1 WHERE ID=57527
DELETE FROM NGRAM_1 WHERE ID=57528
DELETE FROM NGRAM_1 WHERE ID=57529
DELETE FROM NGRAM_1 WHERE ID=57530
DELETE FROM NGRAM_1 WHERE ID=57531
DELETE FROM NGRAM_1 WHERE ID=57532
DELETE FROM NGRAM_1 WHERE ID=57533
DELETE FROM NGRAM_1 WHERE ID=57534
DELETE FROM NGRAM_1 WHERE ID=57535
DELETE FROM NGRAM_1 WHERE ID=57536
DELETE FROM NGRAM_1 WHERE ID=57537
DELETE FROM NGRAM_1 WHERE ID=57538
DELETE FROM NGRAM_1 WHERE ID=57539
DELETE FROM NGRAM_1 WHERE ID=57540
DELETE FROM NGRAM_1 WHERE ID=57541
DELETE FROM NGRAM_1 WHERE ID=57542
DELETE FROM NGRAM_1 WHERE ID=57543
DELETE FROM NGRAM_1 WHERE ID=57544
DELETE FROM NGRAM_1 WHERE ID=57545
DELETE FROM NGRAM_1 WHERE ID=57546
DELETE FROM NGRAM_1 WHERE ID=57547
DELETE FROM NGRAM_1 WHERE ID=57548
DELETE FROM NGRAM_1 WHERE ID=57549
DELETE FROM NGRAM_1 WHERE ID=57550
DELETE FROM NGRAM_1 WHERE ID=57551
DELETE FROM NGRAM_1 WHERE ID=57552
DELETE FROM NGRAM_1 WHERE ID=57553
DELETE FROM NGRAM_1 WHERE ID=57554
DELETE FROM NGRAM_1 WHERE ID=57555
DELETE FROM NGRAM_1 WHERE ID=57556
DELETE FROM NGRAM_1 WHERE ID=57557
DELETE FROM NGRAM_1 WHERE ID=57558
DELETE FROM NGRAM_1 WHERE ID=57559
DELETE FROM NGRAM_1 WHERE ID=57560
DELETE FROM NGRAM_1 WHERE ID=57561
DELETE FROM NGRAM_1 WHERE ID=57562
DELETE FROM NGRAM_1 WHERE ID=57563
DELETE FROM NGRAM_1 WHERE ID=57564
DELETE FROM NGRAM_1 WHERE ID=57565
DELETE FROM NGRAM_1 WHERE ID=57566
DELETE FROM NGRAM_1 WHERE ID=57567
DELETE FROM NGRAM_1 WHERE ID=57568
DELETE FROM NGRAM_1 WHERE ID=57569
DELETE FROM NGRAM_1 WHERE ID=57570
DELETE FROM NGRAM_1 WHERE ID=57571
DELETE FROM NGRAM_1 WHERE ID=57572
DELETE FROM NGRAM_1 WHERE ID=57573
DELETE FROM NGRAM_1 WHERE ID=57574
DELETE FROM NGRAM_1 WHERE ID=57575
DELETE FROM NGRAM_1 WHERE ID=57576
DELETE FROM NGRAM_1 WHERE ID=57577
DELETE FROM NGRAM_1 WHERE ID=57578
DELETE FROM NGRAM_1 WHERE ID=57579
DELETE FROM NGRAM_1 WHERE ID=57580
DELETE FROM NGRAM_1 WHERE ID=57581
DELETE FROM NGRAM_1 WHERE ID=57582
DELETE FROM NGRAM_1 WHERE ID=57583
DELETE FROM NGRAM_1 WHERE ID=57584
DELETE FROM NGRAM_1 WHERE ID=57585
DELETE FROM NGRAM_1 WHERE ID=57586
DELETE FROM NGRAM_1 WHERE ID=57587
DELETE FROM NGRAM_1 WHERE ID=57588
DELETE FROM NGRAM_1 WHERE ID=57589
DELETE FROM NGRAM_1 WHERE ID=57590
DELETE FROM NGRAM_1 WHERE ID=57591
DELETE FROM NGRAM_1 WHERE ID=57592
DELETE FROM NGRAM_1 WHERE ID=57593
DELETE FROM NGRAM_1 WHERE ID=57594
DELETE FROM NGRAM_1 WHERE ID=57595
DELETE FROM NGRAM_1 WHERE ID=57596
DELETE FROM NGRAM_1 WHERE ID=57597
DELETE FROM NGRAM_1 WHERE ID=57598
DELETE FROM NGRAM_1 WHERE ID=57599
DELETE FROM NGRAM_1 WHERE ID=57600
DELETE FROM NGRAM_1 WHERE ID=57601
DELETE FROM NGRAM_1 WHERE ID=57602
DELETE FROM NGRAM_1 WHERE ID=57603
DELETE FROM NGRAM_1 WHERE ID=57604
DELETE FROM NGRAM_1 WHERE ID=57605
DELETE FROM NGRAM_1 WHERE ID=57606
DELETE FROM NGRAM_1 WHERE ID=57607
DELETE FROM NGRAM_1 WHERE ID=57608
DELETE FROM NGRAM_1 WHERE ID=57609
DELETE FROM NGRAM_1 WHERE ID=57610
DELETE FROM NGRAM_1 WHERE ID=57611
DELETE FROM NGRAM_1 WHERE ID=57612
DELETE FROM NGRAM_1 WHERE ID=57613
DELETE FROM NGRAM_1 WHERE ID=57614
DELETE FROM NGRAM_1 WHERE ID=57615
DELETE FROM NGRAM_1 WHERE ID=57616
DELETE FROM NGRAM_1 WHERE ID=57617
DELETE FROM NGRAM_1 WHERE ID=57618
DELETE FROM NGRAM_1 WHERE ID=57619
DELETE FROM NGRAM_1 WHERE ID=57620
DELETE FROM NGRAM_1 WHERE ID=57621
DELETE FROM NGRAM_1 WHERE ID=57622
DELETE FROM NGRAM_1 WHERE ID=57623
DELETE FROM NGRAM_1 WHERE ID=57624
DELETE FROM NGRAM_1 WHERE ID=57625
DELETE FROM NGRAM_1 WHERE ID=57626
DELETE FROM NGRAM_1 WHERE ID=57627
DELETE FROM NGRAM_1 WHERE ID=57628
DELETE FROM NGRAM_1 WHERE ID=57629
DELETE FROM NGRAM_1 WHERE ID=57630
DELETE FROM NGRAM_1 WHERE ID=57631
DELETE FROM NGRAM_1 WHERE ID=57632
DELETE FROM NGRAM_1 WHERE ID=57633
DELETE FROM NGRAM_1 WHERE ID=57634
DELETE FROM NGRAM_1 WHERE ID=57635
DELETE FROM NGRAM_1 WHERE ID=57636
DELETE FROM NGRAM_1 WHERE ID=57637
DELETE FROM NGRAM_1 WHERE ID=57638
DELETE FROM NGRAM_1 WHERE ID=57639
DELETE FROM NGRAM_1 WHERE ID=57640
DELETE FROM NGRAM_1 WHERE ID=57641
DELETE FROM NGRAM_1 WHERE ID=57642
DELETE FROM NGRAM_1 WHERE ID=57643
DELETE FROM NGRAM_1 WHERE ID=57644
DELETE FROM NGRAM_1 WHERE ID=57645
DELETE FROM NGRAM_1 WHERE ID=57646
DELETE FROM NGRAM_1 WHERE ID=57647
DELETE FROM NGRAM_1 WHERE ID=57648
DELETE FROM NGRAM_1 WHERE ID=57649
DELETE FROM NGRAM_1 WHERE ID=57650
DELETE FROM NGRAM_1 WHERE ID=57651
DELETE FROM NGRAM_1 WHERE ID=57652
DELETE FROM NGRAM_1 WHERE ID=57653
DELETE FROM NGRAM_1 WHERE ID=57654
DELETE FROM NGRAM_1 WHERE ID=57655
DELETE FROM NGRAM_1 WHERE ID=57656
DELETE FROM NGRAM_1 WHERE ID=57657
DELETE FROM NGRAM_1 WHERE ID=57658
DELETE FROM NGRAM_1 WHERE ID=57659
DELETE FROM NGRAM_1 WHERE ID=57660
DELETE FROM NGRAM_1 WHERE ID=57661
DELETE FROM NGRAM_1 WHERE ID=57662
DELETE FROM NGRAM_1 WHERE ID=57663
DELETE FROM NGRAM_1 WHERE ID=57664
DELETE FROM NGRAM_1 WHERE ID=57665
DELETE FROM NGRAM_1 WHERE ID=57666
DELETE FROM NGRAM_1 WHERE ID=57667
DELETE FROM NGRAM_1 WHERE ID=57668
DELETE FROM NGRAM_1 WHERE ID=57669
DELETE FROM NGRAM_1 WHERE ID=57670
DELETE FROM NGRAM_1 WHERE ID=57671
DELETE FROM NGRAM_1 WHERE ID=57672
DELETE FROM NGRAM_1 WHERE ID=57673
DELETE FROM NGRAM_1 WHERE ID=57674
DELETE FROM NGRAM_1 WHERE ID=57675
DELETE FROM NGRAM_1 WHERE ID=57676
DELETE FROM NGRAM_1 WHERE ID=57677
DELETE FROM NGRAM_1 WHERE ID=57678
DELETE FROM NGRAM_1 WHERE ID=57679
DELETE FROM NGRAM_1 WHERE ID=57680
DELETE FROM NGRAM_1 WHERE ID=57681
DELETE FROM NGRAM_1 WHERE ID=57682
DELETE FROM NGRAM_1 WHERE ID=57683
DELETE FROM NGRAM_1 WHERE ID=57684
DELETE FROM NGRAM_1 WHERE ID=57685
DELETE FROM NGRAM_1 WHERE ID=57686
DELETE FROM NGRAM_1 WHERE ID=57687
DELETE FROM NGRAM_1 WHERE ID=57688
DELETE FROM NGRAM_1 WHERE ID=57689
DELETE FROM NGRAM_1 WHERE ID=57690
DELETE FROM NGRAM_1 WHERE ID=57691
DELETE FROM NGRAM_1 WHERE ID=57692
DELETE FROM NGRAM_1 WHERE ID=57693
DELETE FROM NGRAM_1 WHERE ID=57694
DELETE FROM NGRAM_1 WHERE ID=57695
DELETE FROM NGRAM_1 WHERE ID=57696
DELETE FROM NGRAM_1 WHERE ID=57697
DELETE FROM NGRAM_1 WHERE ID=57698
DELETE FROM NGRAM_1 WHERE ID=57699
DELETE FROM NGRAM_1 WHERE ID=57700
DELETE FROM NGRAM_1 WHERE ID=57701
DELETE FROM NGRAM_1 WHERE ID=57702
DELETE FROM NGRAM_1 WHERE ID=57703
DELETE FROM NGRAM_1 WHERE ID=57704
DELETE FROM NGRAM_1 WHERE ID=57705
DELETE FROM NGRAM_1 WHERE ID=57706
DELETE FROM NGRAM_1 WHERE ID=57707
DELETE FROM NGRAM_1 WHERE ID=57708
DELETE FROM NGRAM_1 WHERE ID=57709
DELETE FROM NGRAM_1 WHERE ID=57710
DELETE FROM NGRAM_1 WHERE ID=57711
DELETE FROM NGRAM_1 WHERE ID=57712
DELETE FROM NGRAM_1 WHERE ID=57713
DELETE FROM NGRAM_1 WHERE ID=57714
DELETE FROM NGRAM_1 WHERE ID=57715
DELETE FROM NGRAM_1 WHERE ID=57716
DELETE FROM NGRAM_1 WHERE ID=57717
DELETE FROM NGRAM_1 WHERE ID=57718
DELETE FROM NGRAM_1 WHERE ID=57719
DELETE FROM NGRAM_1 WHERE ID=57720
DELETE FROM NGRAM_1 WHERE ID=57721
DELETE FROM NGRAM_1 WHERE ID=57722
DELETE FROM NGRAM_1 WHERE ID=57723
DELETE FROM NGRAM_1 WHERE ID=57724
DELETE FROM NGRAM_1 WHERE ID=57725
DELETE FROM NGRAM_1 WHERE ID=57726
DELETE FROM NGRAM_1 WHERE ID=57727
DELETE FROM NGRAM_1 WHERE ID=57728
DELETE FROM NGRAM_1 WHERE ID=57729
DELETE FROM NGRAM_1 WHERE ID=57730
DELETE FROM NGRAM_1 WHERE ID=57731
DELETE FROM NGRAM_1 WHERE ID=57732
DELETE FROM NGRAM_1 WHERE ID=57733
DELETE FROM NGRAM_1 WHERE ID=57734
DELETE FROM NGRAM_1 WHERE ID=57735
DELETE FROM NGRAM_1 WHERE ID=57736
DELETE FROM NGRAM_1 WHERE ID=57737
DELETE FROM NGRAM_1 WHERE ID=57738
DELETE FROM NGRAM_1 WHERE ID=57739
DELETE FROM NGRAM_1 WHERE ID=57740
DELETE FROM NGRAM_1 WHERE ID=57741
DELETE FROM NGRAM_1 WHERE ID=57742
DELETE FROM NGRAM_1 WHERE ID=57743
DELETE FROM NGRAM_1 WHERE ID=57744
DELETE FROM NGRAM_1 WHERE ID=57745
DELETE FROM NGRAM_1 WHERE ID=57746
DELETE FROM NGRAM_1 WHERE ID=57747
DELETE FROM NGRAM_1 WHERE ID=57748
DELETE FROM NGRAM_1 WHERE ID=57749
DELETE FROM NGRAM_1 WHERE ID=57750
DELETE FROM NGRAM_1 WHERE ID=57751
DELETE FROM NGRAM_1 WHERE ID=57752
DELETE FROM NGRAM_1 WHERE ID=57753
DELETE FROM NGRAM_1 WHERE ID=57754
DELETE FROM NGRAM_1 WHERE ID=57755
DELETE FROM NGRAM_1 WHERE ID=57756
DELETE FROM NGRAM_1 WHERE ID=57757
DELETE FROM NGRAM_1 WHERE ID=57758
DELETE FROM NGRAM_1 WHERE ID=57759
DELETE FROM NGRAM_1 WHERE ID=57760
DELETE FROM NGRAM_1 WHERE ID=57761
DELETE FROM NGRAM_1 WHERE ID=57762
DELETE FROM NGRAM_1 WHERE ID=57763
DELETE FROM NGRAM_1 WHERE ID=57764
DELETE FROM NGRAM_1 WHERE ID=57765
DELETE FROM NGRAM_1 WHERE ID=57766
DELETE FROM NGRAM_1 WHERE ID=57767
DELETE FROM NGRAM_1 WHERE ID=57768
DELETE FROM NGRAM_1 WHERE ID=57769
DELETE FROM NGRAM_1 WHERE ID=57770
DELETE FROM NGRAM_1 WHERE ID=57771
DELETE FROM NGRAM_1 WHERE ID=57772
DELETE FROM NGRAM_1 WHERE ID=57773
DELETE FROM NGRAM_1 WHERE ID=57774
DELETE FROM NGRAM_1 WHERE ID=57775
DELETE FROM NGRAM_1 WHERE ID=57776
DELETE FROM NGRAM_1 WHERE ID=57777
DELETE FROM NGRAM_1 WHERE ID=57778
DELETE FROM NGRAM_1 WHERE ID=57779
DELETE FROM NGRAM_1 WHERE ID=57780
DELETE FROM NGRAM_1 WHERE ID=57781
DELETE FROM NGRAM_1 WHERE ID=57782
DELETE FROM NGRAM_1 WHERE ID=57783
DELETE FROM NGRAM_1 WHERE ID=57784
INSERT INTO NGRAM_1 VALUES(57785,'','A',0,'',NULL)
INSERT INTO NGRAM_1 VALUES(57786,'A','MAZE',0,'',NULL)
INSERT INTO NGRAM_1 VALUES(57787,'MAZE','OF',0,'',NULL)
INSERT INTO NGRAM_1 VALUES(57788,'OF','DEATH',0,'',NULL)
INSERT INTO NGRAM_1 VALUES(57789,'','DEATH',0,'',NULL)
INSERT INTO NGRAM_1 VALUES(57790,'','by',0,'',NULL)
INSERT INTO NGRAM_1 VALUES(57791,'by','Philip',0,'',NULL)
INSERT INTO NGRAM_1 VALUES(57792,'Philip','K',0,'',NULL)
INSERT INTO NGRAM_1 VALUES(57793,'K','DickFirst',0,'',NULL)
INSERT INTO NGRAM_1 VALUES(57794,'DickFirst','Vintage',0,'',NULL)
INSERT INTO NGRAM_1 VALUES(57795,'Vintage','Books',0,'',NULL)
INSERT INTO NGRAM_1 VALUES(57796,'Books','Edition',0,'',NULL)
INSERT INTO NGRAM_1 VALUES(57797,'Edition','June',0,'',NULL)
INSERT INTO NGRAM_1 VALUES(57798,'June','1994Copyright',0,'',NULL)
INSERT INTO NGRAM_1 VALUES(57799,'1994Copyright','1970',0,'',NULL)
INSERT INTO NGRAM_1 VALUES(57800,'1970','by',0,'',NULL)
INSERT INTO NGRAM_1 VALUES(57801,'K','DickAll',0,'',NULL)
INSERT INTO NGRAM_1 VALUES(57802,'DickAll','rights',0,'',NULL)
INSERT INTO NGRAM_1 VALUES(57803,'rights','reserved',0,'',NULL)
INSERT INTO NGRAM_1 VALUES(57804,'reserved','under',0,'',NULL)
INSERT INTO NGRAM_1 VALUES(57805,'under','International',0,'',NULL)
INSERT INTO NGRAM_1 VALUES(57806,'International','and',0,'',NULL)
INSERT INTO NGRAM_1 VALUES(57807,'and','Pan-American',0,'',NULL)
INSERT INTO NGRAM_1 VALUES(57808,'Pan-American','Copyright',0,'',NULL)
INSERT INTO NGRAM_1 VALUES(57809,'Copyright','Conventions',0,'',NULL)
INSERT INTO NGRAM_1 VALUES(57810,'Conventions','Published',0,'',NULL)
INSERT INTO NGRAM_1 VALUES(57811,'Published','in',0,'',NULL)
INSERT INTO NGRAM_1 VALUES(57812,'in','the',0,'',NULL)
INSERT INTO NGRAM_1 VALUES(57813,'the','United',0,'',NULL)
INSERT INTO NGRAM_1 VALUES(57814,'United','States',0,'',NULL)
INSERT INTO NGRAM_1 VALUES(57815,'States','by',0,'',NULL)
INSERT INTO NGRAM_1 VALUES(57816,'by','Vintage',0,'',NULL)
INSERT INTO NGRAM_1 VALUES(57817,'Books','a',0,'',NULL)
INSERT INTO NGRAM_1 VALUES(57818,'a','division',0,'',NULL)
INSERT INTO NGRAM_1 VALUES(57819,'division','of',0,'',NULL)
INSERT INTO NGRAM_1 VALUES(57820,'of','Random',0,'',NULL)
INSERT INTO NGRAM_1 VALUES(57821,'Random','House',0,'',NULL)
INSERT INTO NGRAM_1 VALUES(57822,'House','Inc',0,'',NULL)
INSERT INTO NGRAM_1 VALUES(57823,'Inc','New',0,'',NULL)
INSERT INTO NGRAM_1 VALUES(57824,'New','York',0,'',NULL)
INSERT INTO NGRAM_1 VALUES(57825,'York','and',0,'',NULL)
INSERT INTO NGRAM_1 VALUES(57826,'and','simultaneously',0,'',NULL)
INSERT INTO NGRAM_1 VALUES(57827,'simultaneously','in',0,'',NULL)
INSERT INTO NGRAM_1 VALUES(57828,'in','Canada',0,'',NULL)
INSERT INTO NGRAM_1 VALUES(57829,'Canada','by',0,'',NULL)
INSERT INTO NGRAM_1 VALUES(57830,'by','Random',0,'',NULL)
INSERT INTO NGRAM_1 VALUES(57831,'House','of',0,'',NULL)
INSERT INTO NGRAM_1 VALUES(57832,'of','Canada',0,'',NULL)
INSERT INTO NGRAM_1 VALUES(57833,'Canada','Limited',0,'',NULL)
INSERT INTO NGRAM_1 VALUES(57834,'Limited','Toronto',0,'',NULL)
INSERT INTO NGRAM_1 VALUES(57835,'Toronto','Originally',0,'',NULL)
INSERT INTO NGRAM_1 VALUES(57836,'Originally','published',0,'',NULL)
INSERT INTO NGRAM_1 VALUES(57837,'published','by',0,'',NULL)
INSERT INTO NGRAM_1 VALUES(57838,'by','Doubleday',0,'',NULL)
INSERT INTO NGRAM_1 VALUES(57839,'Doubleday','&',0,'',NULL)
INSERT INTO NGRAM_1 VALUES(57840,'&','Co',0,'',NULL)
INSERT INTO NGRAM_1 VALUES(57841,'Co','Inc',0,'',NULL)
INSERT INTO NGRAM_1 VALUES(57842,'York','in',0,'',NULL)
INSERT INTO NGRAM_1 VALUES(57843,'in','1970ISBN',0,'',NULL)
INSERT INTO NGRAM_1 VALUES(57844,'1970ISBN','0-679-75298-6To',0,'',NULL)
INSERT INTO NGRAM_1 VALUES(57845,'0-679-75298-6To','my',0,'',NULL)
INSERT INTO NGRAM_1 VALUES(57846,'my','two',0,'',NULL)
INSERT INTO NGRAM_1 VALUES(57847,'two','daughters',0,'',NULL)
INSERT INTO NGRAM_1 VALUES(57848,'daughters','Laura',0,'',NULL)
INSERT INTO NGRAM_1 VALUES(57849,'Laura','and',0,'',NULL)
INSERT INTO NGRAM_1 VALUES(57850,'and','IsaAUTHORS',0,'',NULL)
INSERT INTO NGRAM_1 VALUES(57851,'IsaAUTHORS','FOREWORDThe',0,'',NULL)
INSERT INTO NGRAM_1 VALUES(57852,'FOREWORDThe','theology',0,'',NULL)
INSERT INTO NGRAM_1 VALUES(57853,'theology','in',0,'',NULL)
INSERT INTO NGRAM_1 VALUES(57854,'in','this',0,'',NULL)
INSERT INTO NGRAM_1 VALUES(57855,'this','novel',0,'',NULL)
INSERT INTO NGRAM_1 VALUES(57856,'novel','is',0,'',NULL)
INSERT INTO NGRAM_1 VALUES(57857,'is','not',0,'',NULL)
INSERT INTO NGRAM_1 VALUES(57858,'not','an',0,'',NULL)
INSERT INTO NGRAM_1 VALUES(57859,'an','analog',0,'',NULL)
INSERT INTO NGRAM_1 VALUES(57860,'analog','of',0,'',NULL)
INSERT INTO NGRAM_1 VALUES(57861,'of','any',0,'',NULL)
INSERT INTO NGRAM_1 VALUES(57862,'any','known',0,'',NULL)
INSERT INTO NGRAM_1 VALUES(57863,'known','religion',0,'',NULL)
INSERT INTO NGRAM_1 VALUES(57864,'religion','It',0,'',NULL)
INSERT INTO NGRAM_1 VALUES(57865,'It','stems',0,'',NULL)
INSERT INTO NGRAM_1 VALUES(57866,'stems','from',0,'',NULL)
INSERT INTO NGRAM_1 VALUES(57867,'from','an',0,'',NULL)
INSERT INTO NGRAM_1 VALUES(57868,'an','attempt',0,'',NULL)
INSERT INTO NGRAM_1 VALUES(57869,'attempt','made',0,'',NULL)
INSERT INTO NGRAM_1 VALUES(57870,'made','by',0,'',NULL)
INSERT INTO NGRAM_1 VALUES(57871,'by','William',0,'',NULL)
INSERT INTO NGRAM_1 VALUES(57872,'William','Sarill',0,'',NULL)
INSERT INTO NGRAM_1 VALUES(57873,'Sarill','and',0,'',NULL)
INSERT INTO NGRAM_1 VALUES(57874,'and','myself',0,'',NULL)
INSERT INTO NGRAM_1 VALUES(57875,'myself','to',0,'',NULL)
INSERT INTO NGRAM_1 VALUES(57876,'to','develop',0,'',NULL)
INSERT INTO NGRAM_1 VALUES(57877,'develop','an',0,'',NULL)
INSERT INTO NGRAM_1 VALUES(57878,'an','abstract',0,'',NULL)
INSERT INTO NGRAM_1 VALUES(57879,'abstract','logical',0,'',NULL)
INSERT INTO NGRAM_1 VALUES(57880,'logical','system',0,'',NULL)
INSERT INTO NGRAM_1 VALUES(57881,'system','of',0,'',NULL)
INSERT INTO NGRAM_1 VALUES(57882,'of','religious',0,'',NULL)
INSERT INTO NGRAM_1 VALUES(57883,'religious','thought',0,'',NULL)
INSERT INTO NGRAM_1 VALUES(57884,'thought','based',0,'',NULL)
INSERT INTO NGRAM_1 VALUES(57885,'based','on',0,'',NULL)
INSERT INTO NGRAM_1 VALUES(57886,'on','the',0,'',NULL)
INSERT INTO NGRAM_1 VALUES(57887,'the','arbitrary',0,'',NULL)
INSERT INTO NGRAM_1 VALUES(57888,'arbitrary','postulate',0,'',NULL)
INSERT INTO NGRAM_1 VALUES(57889,'postulate','that',0,'',NULL)
INSERT INTO NGRAM_1 VALUES(57890,'that','God',0,'',NULL)
INSERT INTO NGRAM_1 VALUES(57891,'God','exists',0,'',NULL)
INSERT INTO NGRAM_1 VALUES(57892,'exists','I',0,'',NULL)
INSERT INTO NGRAM_1 VALUES(57893,'I','should',0,'',NULL)
INSERT INTO NGRAM_1 VALUES(57894,'should','say',0,'',NULL)
INSERT INTO NGRAM_1 VALUES(57895,'say','too',0,'',NULL)
INSERT INTO NGRAM_1 VALUES(57896,'too','that',0,'',NULL)
INSERT INTO NGRAM_1 VALUES(57897,'that','the',0,'',NULL)
INSERT INTO NGRAM_1 VALUES(57898,'the','late',0,'',NULL)
INSERT INTO NGRAM_1 VALUES(57899,'late','Bishop',0,'',NULL)
INSERT INTO NGRAM_1 VALUES(57900,'Bishop','James',0,'',NULL)
INSERT INTO NGRAM_1 VALUES(57901,'James','A',0,'',NULL)
INSERT INTO NGRAM_1 VALUES(57902,'A','Pike',0,'',NULL)
INSERT INTO NGRAM_1 VALUES(57903,'Pike','in',0,'',NULL)
INSERT INTO NGRAM_1 VALUES(57904,'in','discussions',0,'',NULL)
INSERT INTO NGRAM_1 VALUES(57905,'discussions','with',0,'',NULL)
INSERT INTO NGRAM_1 VALUES(57906,'with','me',0,'',NULL)
INSERT INTO NGRAM_1 VALUES(57907,'me','brought',0,'',NULL)
INSERT INTO NGRAM_1 VALUES(57908,'brought','forth',0,'',NULL)
INSERT INTO NGRAM_1 VALUES(57909,'forth','a',0,'',NULL)
INSERT INTO NGRAM_1 VALUES(57910,'a','wealth',0,'',NULL)
INSERT INTO NGRAM_1 VALUES(57911,'wealth','of',0,'',NULL)
INSERT INTO NGRAM_1 VALUES(57912,'of','theological',0,'',NULL)
INSERT INTO NGRAM_1 VALUES(57913,'theological','material',0,'',NULL)
INSERT INTO NGRAM_1 VALUES(57914,'material','for',0,'',NULL)
INSERT INTO NGRAM_1 VALUES(57915,'for','my',0,'',NULL)
INSERT INTO NGRAM_1 VALUES(57916,'my','inspection',0,'',NULL)
INSERT INTO NGRAM_1 VALUES(57917,'inspection','none',0,'',NULL)
INSERT INTO NGRAM_1 VALUES(57918,'none','of',0,'',NULL)
INSERT INTO NGRAM_1 VALUES(57919,'of','which',0,'',NULL)
INSERT INTO NGRAM_1 VALUES(57920,'which','I',0,'',NULL)
INSERT INTO NGRAM_1 VALUES(57921,'I','was',0,'',NULL)
INSERT INTO NGRAM_1 VALUES(57922,'was','previously',0,'',NULL)
INSERT INTO NGRAM_1 VALUES(57923,'previously','acquainted',0,'',NULL)
INSERT INTO NGRAM_1 VALUES(57924,'acquainted','withIn',0,'',NULL)
INSERT INTO NGRAM_1 VALUES(57925,'withIn','the',0,'',NULL)
INSERT INTO NGRAM_1 VALUES(57926,'the','novel',0,'',NULL)
INSERT INTO NGRAM_1 VALUES(57927,'novel','Maggie',0,'',NULL)
INSERT INTO NGRAM_1 VALUES(57928,'Maggie','Walshs',0,'',NULL)
INSERT INTO NGRAM_1 VALUES(57929,'Walshs','experiences',0,'',NULL)
INSERT INTO NGRAM_1 VALUES(57930,'experiences','after',0,'',NULL)
INSERT INTO NGRAM_1 VALUES(57931,'after','death',0,'',NULL)
INSERT INTO NGRAM_1 VALUES(57932,'death','are',0,'',NULL)
INSERT INTO NGRAM_1 VALUES(57933,'are','based',0,'',NULL)
INSERT INTO NGRAM_1 VALUES(57934,'on','an',0,'',NULL)
INSERT INTO NGRAM_1 VALUES(57935,'an','LSD',0,'',NULL)
INSERT INTO NGRAM_1 VALUES(57936,'LSD','experience',0,'',NULL)
INSERT INTO NGRAM_1 VALUES(57937,'experience','of',0,'',NULL)
INSERT INTO NGRAM_1 VALUES(57938,'of','my',0,'',NULL)
INSERT INTO NGRAM_1 VALUES(57939,'my','own',0,'',NULL)
INSERT INTO NGRAM_1 VALUES(57940,'own','In',0,'',NULL)
INSERT INTO NGRAM_1 VALUES(57941,'In','exact',0,'',NULL)
INSERT INTO NGRAM_1 VALUES(57942,'exact','detailThe',0,'',NULL)
INSERT INTO NGRAM_1 VALUES(57943,'detailThe','approach',0,'',NULL)
INSERT INTO NGRAM_1 VALUES(57944,'approach','in',0,'',NULL)
INSERT INTO NGRAM_1 VALUES(57945,'is','highly',0,'',NULL)
INSERT INTO NGRAM_1 VALUES(57946,'highly','subjective',0,'',NULL)
INSERT INTO NGRAM_1 VALUES(57947,'subjective','by',0,'',NULL)
INSERT INTO NGRAM_1 VALUES(57948,'by','that',0,'',NULL)
INSERT INTO NGRAM_1 VALUES(57949,'that','I',0,'',NULL)
INSERT INTO NGRAM_1 VALUES(57950,'I','mean',0,'',NULL)
INSERT INTO NGRAM_1 VALUES(57951,'mean','that',0,'',NULL)
INSERT INTO NGRAM_1 VALUES(57952,'that','at',0,'',NULL)
INSERT INTO NGRAM_1 VALUES(57953,'at','any',0,'',NULL)
INSERT INTO NGRAM_1 VALUES(57954,'any','given',0,'',NULL)
INSERT INTO NGRAM_1 VALUES(57955,'given','time',0,'',NULL)
INSERT INTO NGRAM_1 VALUES(57956,'time','reality',0,'',NULL)
INSERT INTO NGRAM_1 VALUES(57957,'reality','is',0,'',NULL)
INSERT INTO NGRAM_1 VALUES(57958,'is','seen--not',0,'',NULL)
INSERT INTO NGRAM_1 VALUES(57959,'seen--not','directly--',0,'',NULL)
INSERT INTO NGRAM_1 VALUES(57960,'directly--','but',0,'',NULL)
INSERT INTO NGRAM_1 VALUES(57961,'but','indirectly',0,'',NULL)
INSERT INTO NGRAM_1 VALUES(57962,'indirectly','ie',0,'',NULL)
INSERT INTO NGRAM_1 VALUES(57963,'ie','through',0,'',NULL)
INSERT INTO NGRAM_1 VALUES(57964,'through','the',0,'',NULL)
INSERT INTO NGRAM_1 VALUES(57965,'the','mind',0,'',NULL)
INSERT INTO NGRAM_1 VALUES(57966,'mind','of',0,'',NULL)
INSERT INTO NGRAM_1 VALUES(57967,'of','one',0,'',NULL)
INSERT INTO NGRAM_1 VALUES(57968,'one','of',0,'',NULL)
INSERT INTO NGRAM_1 VALUES(57969,'of','the',0,'',NULL)
INSERT INTO NGRAM_1 VALUES(57970,'the','characters',0,'',NULL)
INSERT INTO NGRAM_1 VALUES(57971,'characters','This',0,'',NULL)
INSERT INTO NGRAM_1 VALUES(57972,'This','viewpoint',0,'',NULL)
INSERT INTO NGRAM_1 VALUES(57973,'viewpoint','mind',0,'',NULL)
INSERT INTO NGRAM_1 VALUES(57974,'mind','differs',0,'',NULL)
INSERT INTO NGRAM_1 VALUES(57975,'differs','from',0,'',NULL)
INSERT INTO NGRAM_1 VALUES(57976,'from','section',0,'',NULL)
INSERT INTO NGRAM_1 VALUES(57977,'section','to',0,'',NULL)
INSERT INTO NGRAM_1 VALUES(57978,'to','section',0,'',NULL)
INSERT INTO NGRAM_1 VALUES(57979,'section','although',0,'',NULL)
INSERT INTO NGRAM_1 VALUES(57980,'although','most',0,'',NULL)
INSERT INTO NGRAM_1 VALUES(57981,'most','of',0,'',NULL)
INSERT INTO NGRAM_1 VALUES(57982,'the','events',0,'',NULL)
INSERT INTO NGRAM_1 VALUES(57983,'events','are',0,'',NULL)
INSERT INTO NGRAM_1 VALUES(57984,'are','seen',0,'',NULL)
INSERT INTO NGRAM_1 VALUES(57985,'seen','through',0,'',NULL)
INSERT INTO NGRAM_1 VALUES(57986,'through','Seth',0,'',NULL)
INSERT INTO NGRAM_1 VALUES(57987,'Seth','Morleys',0,'',NULL)
INSERT INTO NGRAM_1 VALUES(57988,'Morleys','psycheAll',0,'',NULL)
INSERT INTO NGRAM_1 VALUES(57989,'psycheAll','material',0,'',NULL)
INSERT INTO NGRAM_1 VALUES(57990,'material','concerning',0,'',NULL)
INSERT INTO NGRAM_1 VALUES(57991,'concerning','Wotan',0,'',NULL)
INSERT INTO NGRAM_1 VALUES(57992,'Wotan','and',0,'',NULL)
INSERT INTO NGRAM_1 VALUES(57993,'and','the',0,'',NULL)
INSERT INTO NGRAM_1 VALUES(57994,'the','death',0,'',NULL)
INSERT INTO NGRAM_1 VALUES(57995,'death','of',0,'',NULL)
INSERT INTO NGRAM_1 VALUES(57996,'the','gods',0,'',NULL)
INSERT INTO NGRAM_1 VALUES(57997,'gods','is',0,'',NULL)
INSERT INTO NGRAM_1 VALUES(57998,'is','based',0,'',NULL)
INSERT INTO NGRAM_1 VALUES(57999,'on','Richard',0,'',NULL)
INSERT INTO NGRAM_1 VALUES(58000,'Richard','Wagners',0,'',NULL)
INSERT INTO NGRAM_1 VALUES(58001,'Wagners','version',0,'',NULL)
INSERT INTO NGRAM_1 VALUES(58002,'version','of',0,'',NULL)
INSERT INTO NGRAM_1 VALUES(58003,'of','_Der',0,'',NULL)
INSERT INTO NGRAM_1 VALUES(58004,'_Der','Ring',0,'',NULL)
INSERT INTO NGRAM_1 VALUES(58005,'Ring','des',0,'',NULL)
INSERT INTO NGRAM_1 VALUES(58006,'des','Nibelungen_',0,'',NULL)
INSERT INTO NGRAM_1 VALUES(58007,'Nibelungen_','rather',0,'',NULL)
INSERT INTO NGRAM_1 VALUES(58008,'rather','than',0,'',NULL)
INSERT INTO NGRAM_1 VALUES(58009,'than','on',0,'',NULL)
INSERT INTO NGRAM_1 VALUES(58010,'the','original',0,'',NULL)
INSERT INTO NGRAM_1 VALUES(58011,'original','body',0,'',NULL)
INSERT INTO NGRAM_1 VALUES(58012,'body','of',0,'',NULL)
INSERT INTO NGRAM_1 VALUES(58013,'of','mythsAnswers',0,'',NULL)
INSERT INTO NGRAM_1 VALUES(58014,'mythsAnswers','to',0,'',NULL)
INSERT INTO NGRAM_1 VALUES(58015,'to','questions',0,'',NULL)
INSERT INTO NGRAM_1 VALUES(58016,'questions','put',0,'',NULL)
INSERT INTO NGRAM_1 VALUES(58017,'put','to',0,'',NULL)
INSERT INTO NGRAM_1 VALUES(58018,'to','the',0,'',NULL)
INSERT INTO NGRAM_1 VALUES(58019,'the','tench',0,'',NULL)
INSERT INTO NGRAM_1 VALUES(58020,'tench','were',0,'',NULL)
INSERT INTO NGRAM_1 VALUES(58021,'were','derived',0,'',NULL)
INSERT INTO NGRAM_1 VALUES(58022,'derived','from',0,'',NULL)
INSERT INTO NGRAM_1 VALUES(58023,'from','the',0,'',NULL)
INSERT INTO NGRAM_1 VALUES(58024,'the','_I',0,'',NULL)
INSERT INTO NGRAM_1 VALUES(58025,'_I','Ching_',0,'',NULL)
INSERT INTO NGRAM_1 VALUES(58026,'Ching_','the',0,'',NULL)
INSERT INTO NGRAM_1 VALUES(58027,'the','Chinese',0,'',NULL)
INSERT INTO NGRAM_1 VALUES(58028,'Chinese','_Book',0,'',NULL)
INSERT INTO NGRAM_1 VALUES(58029,'_Book','of',0,'',NULL)
INSERT INTO NGRAM_1 VALUES(58030,'of','Changes_Tekel',0,'',NULL)
INSERT INTO NGRAM_1 VALUES(58031,'Changes_Tekel','upharsin',0,'',NULL)
INSERT INTO NGRAM_1 VALUES(58032,'upharsin','is',0,'',NULL)
INSERT INTO NGRAM_1 VALUES(58033,'is','Aramaic',0,'',NULL)
INSERT INTO NGRAM_1 VALUES(58034,'Aramaic','for',0,'',NULL)
INSERT INTO NGRAM_1 VALUES(58035,'for','He',0,'',NULL)
INSERT INTO NGRAM_1 VALUES(58036,'He','has',0,'',NULL)
INSERT INTO NGRAM_1 VALUES(58037,'has','weighed',0,'',NULL)
INSERT INTO NGRAM_1 VALUES(58038,'weighed','and',0,'',NULL)
INSERT INTO NGRAM_1 VALUES(58039,'and','now',0,'',NULL)
INSERT INTO NGRAM_1 VALUES(58040,'now','they',0,'',NULL)
INSERT INTO NGRAM_1 VALUES(58041,'they','divide',0,'',NULL)
INSERT INTO NGRAM_1 VALUES(58042,'divide','Aramaic',0,'',NULL)
INSERT INTO NGRAM_1 VALUES(58043,'Aramaic','was',0,'',NULL)
INSERT INTO NGRAM_1 VALUES(58044,'was','the',0,'',NULL)
INSERT INTO NGRAM_1 VALUES(58045,'the','tongue',0,'',NULL)
INSERT INTO NGRAM_1 VALUES(58046,'tongue','that',0,'',NULL)
INSERT INTO NGRAM_1 VALUES(58047,'that','Christ',0,'',NULL)
INSERT INTO NGRAM_1 VALUES(58048,'Christ','spoke',0,'',NULL)
INSERT INTO NGRAM_1 VALUES(58049,'spoke','There',0,'',NULL)
INSERT INTO NGRAM_1 VALUES(58050,'There','should',0,'',NULL)
INSERT INTO NGRAM_1 VALUES(58051,'should','be',0,'',NULL)
INSERT INTO NGRAM_1 VALUES(58052,'be','more',0,'',NULL)
INSERT INTO NGRAM_1 VALUES(58053,'more','like',0,'',NULL)
INSERT INTO NGRAM_1 VALUES(58054,'like','himCONTENTS1In',0,'',NULL)
INSERT INTO NGRAM_1 VALUES(58055,'himCONTENTS1In','which',0,'',NULL)
INSERT INTO NGRAM_1 VALUES(58056,'which','Ben',0,'',NULL)
INSERT INTO NGRAM_1 VALUES(58057,'Ben','Tallchief',0,'',NULL)
INSERT INTO NGRAM_1 VALUES(58058,'Tallchief','wins',0,'',NULL)
INSERT INTO NGRAM_1 VALUES(58059,'wins','a',0,'',NULL)
INSERT INTO NGRAM_1 VALUES(58060,'a','pet',0,'',NULL)
INSERT INTO NGRAM_1 VALUES(58061,'pet','rabbit',0,'',NULL)
INSERT INTO NGRAM_1 VALUES(58062,'rabbit','in',0,'',NULL)
INSERT INTO NGRAM_1 VALUES(58063,'in','a',0,'',NULL)
INSERT INTO NGRAM_1 VALUES(58064,'a','raffle2Seth',0,'',NULL)
INSERT INTO NGRAM_1 VALUES(58065,'raffle2Seth','Morley',0,'',NULL)
INSERT INTO NGRAM_1 VALUES(58066,'Morley','finds',0,'',NULL)
INSERT INTO NGRAM_1 VALUES(58067,'finds','out',0,'',NULL)
INSERT INTO NGRAM_1 VALUES(58068,'out','that',0,'',NULL)
INSERT INTO NGRAM_1 VALUES(58069,'that','his',0,'',NULL)
INSERT INTO NGRAM_1 VALUES(58070,'his','landlord',0,'',NULL)
INSERT INTO NGRAM_1 VALUES(58071,'landlord','has',0,'',NULL)
INSERT INTO NGRAM_1 VALUES(58072,'has','repaired',0,'',NULL)
INSERT INTO NGRAM_1 VALUES(58073,'repaired','that',0,'',NULL)
INSERT INTO NGRAM_1 VALUES(58074,'that','which',0,'',NULL)
INSERT INTO NGRAM_1 VALUES(58075,'which','symbolizes',0,'',NULL)
INSERT INTO NGRAM_1 VALUES(58076,'symbolizes','all',0,'',NULL)
INSERT INTO NGRAM_1 VALUES(58077,'all','Morley',0,'',NULL)
INSERT INTO NGRAM_1 VALUES(58078,'Morley','believes',0,'',NULL)
INSERT INTO NGRAM_1 VALUES(58079,'believes','in3A',0,'',NULL)
INSERT INTO NGRAM_1 VALUES(58080,'in3A','group',0,'',NULL)
INSERT INTO NGRAM_1 VALUES(58081,'group','of',0,'',NULL)
INSERT INTO NGRAM_1 VALUES(58082,'of','friends',0,'',NULL)
INSERT INTO NGRAM_1 VALUES(58083,'friends','gather',0,'',NULL)
INSERT INTO NGRAM_1 VALUES(58084,'gather','together',0,'',NULL)
INSERT INTO NGRAM_1 VALUES(58085,'together','and',0,'',NULL)
INSERT INTO NGRAM_1 VALUES(58086,'and','Sue',0,'',NULL)
INSERT INTO NGRAM_1 VALUES(58087,'Sue','Smart',0,'',NULL)
INSERT INTO NGRAM_1 VALUES(58088,'Smart','recovers',0,'',NULL)
INSERT INTO NGRAM_1 VALUES(58089,'recovers','her',0,'',NULL)
INSERT INTO NGRAM_1 VALUES(58090,'her','faculties4Mary',0,'',NULL)
INSERT INTO NGRAM_1 VALUES(58091,'faculties4Mary','Morley',0,'',NULL)
INSERT INTO NGRAM_1 VALUES(58092,'Morley','discovers',0,'',NULL)
INSERT INTO NGRAM_1 VALUES(58093,'discovers','that',0,'',NULL)
INSERT INTO NGRAM_1 VALUES(58094,'that','she',0,'',NULL)
INSERT INTO NGRAM_1 VALUES(58095,'she','is',0,'',NULL)
INSERT INTO NGRAM_1 VALUES(58096,'is','pregnant',0,'',NULL)
INSERT INTO NGRAM_1 VALUES(58097,'pregnant','with',0,'',NULL)
INSERT INTO NGRAM_1 VALUES(58098,'with','unforeseen',0,'',NULL)
INSERT INTO NGRAM_1 VALUES(58099,'unforeseen','results5The',0,'',NULL)
INSERT INTO NGRAM_1 VALUES(58100,'results5The','chaos',0,'',NULL)
INSERT INTO NGRAM_1 VALUES(58101,'chaos','of',0,'',NULL)
INSERT INTO NGRAM_1 VALUES(58102,'of','Dr',0,'',NULL)
INSERT INTO NGRAM_1 VALUES(58103,'Dr','Babbles',0,'',NULL)
INSERT INTO NGRAM_1 VALUES(58104,'Babbles','fiscal',0,'',NULL)
INSERT INTO NGRAM_1 VALUES(58105,'fiscal','life',0,'',NULL)
INSERT INTO NGRAM_1 VALUES(58106,'life','becomes',0,'',NULL)
INSERT INTO NGRAM_1 VALUES(58107,'becomes','too',0,'',NULL)
INSERT INTO NGRAM_1 VALUES(58108,'too','much',0,'',NULL)
INSERT INTO NGRAM_1 VALUES(58109,'much','for',0,'',NULL)
INSERT INTO NGRAM_1 VALUES(58110,'for','him6For',0,'',NULL)
INSERT INTO NGRAM_1 VALUES(58111,'him6For','the',0,'',NULL)
INSERT INTO NGRAM_1 VALUES(58112,'the','first',0,'',NULL)
INSERT INTO NGRAM_1 VALUES(58113,'first','time',0,'',NULL)
INSERT INTO NGRAM_1 VALUES(58114,'time','Ignatz',0,'',NULL)
INSERT INTO NGRAM_1 VALUES(58115,'Ignatz','Thugg',0,'',NULL)
INSERT INTO NGRAM_1 VALUES(58116,'Thugg','is',0,'',NULL)
INSERT INTO NGRAM_1 VALUES(58117,'is','up',0,'',NULL)
INSERT INTO NGRAM_1 VALUES(58118,'up','against',0,'',NULL)
INSERT INTO NGRAM_1 VALUES(58119,'against','a',0,'',NULL)
INSERT INTO NGRAM_1 VALUES(58120,'a','force',0,'',NULL)
INSERT INTO NGRAM_1 VALUES(58121,'force','beyond',0,'',NULL)
INSERT INTO NGRAM_1 VALUES(58122,'beyond','his',0,'',NULL)
INSERT INTO NGRAM_1 VALUES(58123,'his','capacity7Out',0,'',NULL)
INSERT INTO NGRAM_1 VALUES(58124,'capacity7Out','of',0,'',NULL)
INSERT INTO NGRAM_1 VALUES(58125,'of','his',0,'',NULL)
INSERT INTO NGRAM_1 VALUES(58126,'his','many',0,'',NULL)
INSERT INTO NGRAM_1 VALUES(58127,'many','investments',0,'',NULL)
INSERT INTO NGRAM_1 VALUES(58128,'investments','Seth',0,'',NULL)
INSERT INTO NGRAM_1 VALUES(58129,'Seth','Morley',0,'',NULL)
INSERT INTO NGRAM_1 VALUES(58130,'Morley','realizes',0,'',NULL)
INSERT INTO NGRAM_1 VALUES(58131,'realizes','only',0,'',NULL)
INSERT INTO NGRAM_1 VALUES(58132,'only','a',0,'',NULL)
INSERT INTO NGRAM_1 VALUES(58133,'a','disappointing',0,'',NULL)
INSERT INTO NGRAM_1 VALUES(58134,'disappointing','gain--',0,'',NULL)
INSERT INTO NGRAM_1 VALUES(58135,'gain--','measured',0,'',NULL)
INSERT INTO NGRAM_1 VALUES(58136,'measured','in',0,'',NULL)
INSERT INTO NGRAM_1 VALUES(58137,'in','pennies8Glen',0,'',NULL)
INSERT INTO NGRAM_1 VALUES(58138,'pennies8Glen','Belsnor',0,'',NULL)
INSERT INTO NGRAM_1 VALUES(58139,'Belsnor','ignores',0,'',NULL)
INSERT INTO NGRAM_1 VALUES(58140,'ignores','the',0,'',NULL)
INSERT INTO NGRAM_1 VALUES(58141,'the','warnings',0,'',NULL)
INSERT INTO NGRAM_1 VALUES(58142,'warnings','of',0,'',NULL)
INSERT INTO NGRAM_1 VALUES(58143,'his','parents',0,'',NULL)
INSERT INTO NGRAM_1 VALUES(58144,'parents','and',0,'',NULL)
INSERT INTO NGRAM_1 VALUES(58145,'and','embarks',0,'',NULL)
INSERT INTO NGRAM_1 VALUES(58146,'embarks','on',0,'',NULL)
INSERT INTO NGRAM_1 VALUES(58147,'on','a',0,'',NULL)
INSERT INTO NGRAM_1 VALUES(58148,'a','bold',0,'',NULL)
INSERT INTO NGRAM_1 VALUES(58149,'bold','sea',0,'',NULL)
INSERT INTO NGRAM_1 VALUES(58150,'sea','adventure9We',0,'',NULL)
INSERT INTO NGRAM_1 VALUES(58151,'adventure9We','find',0,'',NULL)
INSERT INTO NGRAM_1 VALUES(58152,'find','Tony',0,'',NULL)
INSERT INTO NGRAM_1 VALUES(58153,'Tony','Dunkelwelt',0,'',NULL)
INSERT INTO NGRAM_1 VALUES(58154,'Dunkelwelt','worrying',0,'',NULL)
INSERT INTO NGRAM_1 VALUES(58155,'worrying','over',0,'',NULL)
INSERT INTO NGRAM_1 VALUES(58156,'over','one',0,'',NULL)
INSERT INTO NGRAM_1 VALUES(58157,'of','mankinds',0,'',NULL)
INSERT INTO NGRAM_1 VALUES(58158,'mankinds','most',0,'',NULL)
INSERT INTO NGRAM_1 VALUES(58159,'most','ancient',0,'',NULL)
INSERT INTO NGRAM_1 VALUES(58160,'ancient','problems10Wade',0,'',NULL)
INSERT INTO NGRAM_1 VALUES(58161,'problems10Wade','Frazer',0,'',NULL)
INSERT INTO NGRAM_1 VALUES(58162,'Frazer','learns',0,'',NULL)
INSERT INTO NGRAM_1 VALUES(58163,'learns','that',0,'',NULL)
INSERT INTO NGRAM_1 VALUES(58164,'that','those',0,'',NULL)
INSERT INTO NGRAM_1 VALUES(58165,'those','whose',0,'',NULL)
INSERT INTO NGRAM_1 VALUES(58166,'whose','advice',0,'',NULL)
INSERT INTO NGRAM_1 VALUES(58167,'advice','he',0,'',NULL)
INSERT INTO NGRAM_1 VALUES(58168,'he','most',0,'',NULL)
INSERT INTO NGRAM_1 VALUES(58169,'most','trusted',0,'',NULL)
INSERT INTO NGRAM_1 VALUES(58170,'trusted','have',0,'',NULL)
INSERT INTO NGRAM_1 VALUES(58171,'have','turned',0,'',NULL)
INSERT INTO NGRAM_1 VALUES(58172,'turned','against',0,'',NULL)
INSERT INTO NGRAM_1 VALUES(58173,'against','him11The',0,'',NULL)
INSERT INTO NGRAM_1 VALUES(58174,'him11The','rabbit',0,'',NULL)
INSERT INTO NGRAM_1 VALUES(58175,'rabbit','which',0,'',NULL)
INSERT INTO NGRAM_1 VALUES(58176,'Tallchief','won',0,'',NULL)
INSERT INTO NGRAM_1 VALUES(58177,'won','develops',0,'',NULL)
INSERT INTO NGRAM_1 VALUES(58178,'develops','the',0,'',NULL)
INSERT INTO NGRAM_1 VALUES(58179,'the','mange12Roberta',0,'',NULL)
INSERT INTO NGRAM_1 VALUES(58180,'mange12Roberta','Rockinghams',0,'',NULL)
INSERT INTO NGRAM_1 VALUES(58181,'Rockinghams','spinster',0,'',NULL)
INSERT INTO NGRAM_1 VALUES(58182,'spinster','aunt',0,'',NULL)
INSERT INTO NGRAM_1 VALUES(58183,'aunt','pays',0,'',NULL)
INSERT INTO NGRAM_1 VALUES(58184,'pays','her',0,'',NULL)
INSERT INTO NGRAM_1 VALUES(58185,'her','a',0,'',NULL)
INSERT INTO NGRAM_1 VALUES(58186,'a','visit13In',0,'',NULL)
INSERT INTO NGRAM_1 VALUES(58187,'visit13In','an',0,'',NULL)
INSERT INTO NGRAM_1 VALUES(58188,'an','unfamiliar',0,'',NULL)
INSERT INTO NGRAM_1 VALUES(58189,'unfamiliar','train',0,'',NULL)
INSERT INTO NGRAM_1 VALUES(58190,'train','station',0,'',NULL)
INSERT INTO NGRAM_1 VALUES(58191,'station','Betty',0,'',NULL)
INSERT INTO NGRAM_1 VALUES(58192,'Betty','Jo',0,'',NULL)
INSERT INTO NGRAM_1 VALUES(58193,'Jo','Berm',0,'',NULL)
INSERT INTO NGRAM_1 VALUES(58194,'Berm','loses',0,'',NULL)
INSERT INTO NGRAM_1 VALUES(58195,'loses','a',0,'',NULL)
INSERT INTO NGRAM_1 VALUES(58196,'a','precious',0,'',NULL)
INSERT INTO NGRAM_1 VALUES(58197,'precious','piece',0,'',NULL)
INSERT INTO NGRAM_1 VALUES(58198,'piece','of',0,'',NULL)
INSERT INTO NGRAM_1 VALUES(58199,'of','luggage14Ned',0,'',NULL)
INSERT INTO NGRAM_1 VALUES(58200,'luggage14Ned','Russell',0,'',NULL)
INSERT INTO NGRAM_1 VALUES(58201,'Russell','goes',0,'',NULL)
INSERT INTO NGRAM_1 VALUES(58202,'goes','broke15Embittered',0,'',NULL)
INSERT INTO NGRAM_1 VALUES(58203,'broke15Embittered','Tony',0,'',NULL)
INSERT INTO NGRAM_1 VALUES(58204,'Dunkelwelt','leaves',0,'',NULL)
INSERT INTO NGRAM_1 VALUES(58205,'leaves','school',0,'',NULL)
INSERT INTO NGRAM_1 VALUES(58206,'school','and',0,'',NULL)
INSERT INTO NGRAM_1 VALUES(58207,'and','returns',0,'',NULL)
INSERT INTO NGRAM_1 VALUES(58208,'returns','to',0,'',NULL)
INSERT INTO NGRAM_1 VALUES(58209,'the','town',0,'',NULL)
INSERT INTO NGRAM_1 VALUES(58210,'town','in',0,'',NULL)
INSERT INTO NGRAM_1 VALUES(58211,'in','which',0,'',NULL)
INSERT INTO NGRAM_1 VALUES(58212,'which','he',0,'',NULL)
INSERT INTO NGRAM_1 VALUES(58213,'he','was',0,'',NULL)
INSERT INTO NGRAM_1 VALUES(58214,'was','born16After',0,'',NULL)
INSERT INTO NGRAM_1 VALUES(58215,'born16After','the',0,'',NULL)
INSERT INTO NGRAM_1 VALUES(58216,'the','doctor',0,'',NULL)
INSERT INTO NGRAM_1 VALUES(58217,'doctor','examines',0,'',NULL)
INSERT INTO NGRAM_1 VALUES(58218,'examines','her',0,'',NULL)
INSERT INTO NGRAM_1 VALUES(58219,'her','X-rays',0,'',NULL)
INSERT INTO NGRAM_1 VALUES(58220,'X-rays','Maggie',0,'',NULL)
INSERT INTO NGRAM_1 VALUES(58221,'Maggie','Walsh',0,'',NULL)
INSERT INTO NGRAM_1 VALUES(58222,'Walsh','knows',0,'',NULL)
INSERT INTO NGRAM_1 VALUES(58223,'knows','that',0,'',NULL)
INSERT INTO NGRAM_1 VALUES(58224,'that','her',0,'',NULL)
INSERT INTO NGRAM_1 VALUES(58225,'her','condition',0,'',NULL)
INSERT INTO NGRAM_1 VALUES(58226,'condition','is',0,'',NULL)
INSERT INTO NGRAM_1 VALUES(58227,'is','incurableA',0,'',NULL)
INSERT INTO NGRAM_1 VALUES(58228,'incurableA','MAZE',0,'',NULL)
INSERT INTO NGRAM_1 VALUES(58229,'OF','DEATH1His',0,'',NULL)
INSERT INTO NGRAM_1 VALUES(58230,'DEATH1His','job',0,'',NULL)
INSERT INTO NGRAM_1 VALUES(58231,'job','as',0,'',NULL)
INSERT INTO NGRAM_1 VALUES(58232,'as','always',0,'',NULL)
INSERT INTO NGRAM_1 VALUES(58233,'always','bored',0,'',NULL)
INSERT INTO NGRAM_1 VALUES(58234,'bored','him',0,'',NULL)
INSERT INTO NGRAM_1 VALUES(58235,'him','So',0,'',NULL)
INSERT INTO NGRAM_1 VALUES(58236,'So','he',0,'',NULL)
INSERT INTO NGRAM_1 VALUES(58237,'he','had',0,'',NULL)
INSERT INTO NGRAM_1 VALUES(58238,'had','during',0,'',NULL)
INSERT INTO NGRAM_1 VALUES(58239,'during','the',0,'',NULL)
INSERT INTO NGRAM_1 VALUES(58240,'the','previous',0,'',NULL)
INSERT INTO NGRAM_1 VALUES(58241,'previous','week',0,'',NULL)
INSERT INTO NGRAM_1 VALUES(58242,'week','gone',0,'',NULL)
INSERT INTO NGRAM_1 VALUES(58243,'gone','to',0,'',NULL)
INSERT INTO NGRAM_1 VALUES(58244,'the','ships',0,'',NULL)
INSERT INTO NGRAM_1 VALUES(58245,'ships','transmitter',0,'',NULL)
INSERT INTO NGRAM_1 VALUES(58246,'transmitter','and',0,'',NULL)
INSERT INTO NGRAM_1 VALUES(58247,'and','attached',0,'',NULL)
INSERT INTO NGRAM_1 VALUES(58248,'attached','conduits',0,'',NULL)
INSERT INTO NGRAM_1 VALUES(58249,'conduits','to',0,'',NULL)
INSERT INTO NGRAM_1 VALUES(58250,'the','permanent',0,'',NULL)
INSERT INTO NGRAM_1 VALUES(58251,'permanent','electrodes',0,'',NULL)
INSERT INTO NGRAM_1 VALUES(58252,'electrodes','extending',0,'',NULL)
INSERT INTO NGRAM_1 VALUES(58253,'extending','from',0,'',NULL)
INSERT INTO NGRAM_1 VALUES(58254,'from','his',0,'',NULL)
INSERT INTO NGRAM_1 VALUES(58255,'his','pineal',0,'',NULL)
INSERT INTO NGRAM_1 VALUES(58256,'pineal','gland',0,'',NULL)
INSERT INTO NGRAM_1 VALUES(58257,'gland','The',0,'',NULL)
INSERT INTO NGRAM_1 VALUES(58258,'The','conduits',0,'',NULL)
INSERT INTO NGRAM_1 VALUES(58259,'conduits','had',0,'',NULL)
INSERT INTO NGRAM_1 VALUES(58260,'had','carried',0,'',NULL)
INSERT INTO NGRAM_1 VALUES(58261,'carried','his',0,'',NULL)
INSERT INTO NGRAM_1 VALUES(58262,'his','prayer',0,'',NULL)
INSERT INTO NGRAM_1 VALUES(58263,'prayer','to',0,'',NULL)
INSERT INTO NGRAM_1 VALUES(58264,'the','transmitter',0,'',NULL)
INSERT INTO NGRAM_1 VALUES(58265,'and','from',0,'',NULL)
INSERT INTO NGRAM_1 VALUES(58266,'from','there',0,'',NULL)
INSERT INTO NGRAM_1 VALUES(58267,'there','the',0,'',NULL)
INSERT INTO NGRAM_1 VALUES(58268,'the','prayer',0,'',NULL)
INSERT INTO NGRAM_1 VALUES(58269,'prayer','had',0,'',NULL)
INSERT INTO NGRAM_1 VALUES(58270,'had','gone',0,'',NULL)
INSERT INTO NGRAM_1 VALUES(58271,'gone','into',0,'',NULL)
INSERT INTO NGRAM_1 VALUES(58272,'into','the',0,'',NULL)
INSERT INTO NGRAM_1 VALUES(58273,'the','nearest',0,'',NULL)
INSERT INTO NGRAM_1 VALUES(58274,'nearest','relay',0,'',NULL)
INSERT INTO NGRAM_1 VALUES(58275,'relay','network',0,'',NULL)
INSERT INTO NGRAM_1 VALUES(58276,'network','his',0,'',NULL)
INSERT INTO NGRAM_1 VALUES(58277,'prayer','during',0,'',NULL)
INSERT INTO NGRAM_1 VALUES(58278,'during','these',0,'',NULL)
INSERT INTO NGRAM_1 VALUES(58279,'these','days',0,'',NULL)
INSERT INTO NGRAM_1 VALUES(58280,'days','had',0,'',NULL)
INSERT INTO NGRAM_1 VALUES(58281,'had','bounced',0,'',NULL)
INSERT INTO NGRAM_1 VALUES(58282,'bounced','throughout',0,'',NULL)
INSERT INTO NGRAM_1 VALUES(58283,'throughout','the',0,'',NULL)
INSERT INTO NGRAM_1 VALUES(58284,'the','galaxy',0,'',NULL)
INSERT INTO NGRAM_1 VALUES(58285,'galaxy','winding',0,'',NULL)
INSERT INTO NGRAM_1 VALUES(58286,'winding','up--he',0,'',NULL)
INSERT INTO NGRAM_1 VALUES(58287,'up--he','hoped--at',0,'',NULL)
INSERT INTO NGRAM_1 VALUES(58288,'hoped--at','one',0,'',NULL)
INSERT INTO NGRAM_1 VALUES(58289,'the','godworldsHis',0,'',NULL)
INSERT INTO NGRAM_1 VALUES(58290,'godworldsHis','prayer',0,'',NULL)
INSERT INTO NGRAM_1 VALUES(58291,'had','been',0,'',NULL)
INSERT INTO NGRAM_1 VALUES(58292,'been','simple',0,'',NULL)
INSERT INTO NGRAM_1 VALUES(58293,'simple','This',0,'',NULL)
INSERT INTO NGRAM_1 VALUES(58294,'This','damn',0,'',NULL)
INSERT INTO NGRAM_1 VALUES(58295,'damn','inventory-control',0,'',NULL)
INSERT INTO NGRAM_1 VALUES(58296,'inventory-control','job',0,'',NULL)
INSERT INTO NGRAM_1 VALUES(58297,'job','bores',0,'',NULL)
INSERT INTO NGRAM_1 VALUES(58298,'bores','me',0,'',NULL)
INSERT INTO NGRAM_1 VALUES(58299,'me','he',0,'',NULL)
INSERT INTO NGRAM_1 VALUES(58300,'had','prayed',0,'',NULL)
INSERT INTO NGRAM_1 VALUES(58301,'prayed','Routine',0,'',NULL)
INSERT INTO NGRAM_1 VALUES(58302,'Routine','work--this',0,'',NULL)
INSERT INTO NGRAM_1 VALUES(58303,'work--this','ship',0,'',NULL)
INSERT INTO NGRAM_1 VALUES(58304,'ship','is',0,'',NULL)
INSERT INTO NGRAM_1 VALUES(58305,'is','too',0,'',NULL)
INSERT INTO NGRAM_1 VALUES(58306,'too','large',0,'',NULL)
INSERT INTO NGRAM_1 VALUES(58307,'large','and',0,'',NULL)
INSERT INTO NGRAM_1 VALUES(58308,'and','in',0,'',NULL)
INSERT INTO NGRAM_1 VALUES(58309,'in','addition',0,'',NULL)
INSERT INTO NGRAM_1 VALUES(58310,'addition','its',0,'',NULL)
INSERT INTO NGRAM_1 VALUES(58311,'its','overstaffed',0,'',NULL)
INSERT INTO NGRAM_1 VALUES(58312,'overstaffed','Im',0,'',NULL)
INSERT INTO NGRAM_1 VALUES(58313,'Im','a',0,'',NULL)
INSERT INTO NGRAM_1 VALUES(58314,'a','useless',0,'',NULL)
INSERT INTO NGRAM_1 VALUES(58315,'useless','standby',0,'',NULL)
INSERT INTO NGRAM_1 VALUES(58316,'standby','module',0,'',NULL)
INSERT INTO NGRAM_1 VALUES(58317,'module','Could',0,'',NULL)
INSERT INTO NGRAM_1 VALUES(58318,'Could','you',0,'',NULL)
INSERT INTO NGRAM_1 VALUES(58319,'you','help',0,'',NULL)
INSERT INTO NGRAM_1 VALUES(58320,'help','me',0,'',NULL)
INSERT INTO NGRAM_1 VALUES(58321,'me','find',0,'',NULL)
INSERT INTO NGRAM_1 VALUES(58322,'find','something',0,'',NULL)
INSERT INTO NGRAM_1 VALUES(58323,'something','more',0,'',NULL)
INSERT INTO NGRAM_1 VALUES(58324,'more','creative',0,'',NULL)
INSERT INTO NGRAM_1 VALUES(58325,'creative','and',0,'',NULL)
